[2025-02-22 16:12:25] local.ERROR: View [employees.index] not found. {"exception":"[object] (InvalidArgumentException(code: 0): View [employees.index] not found. at C:\\Users\\Raymond gunawan\\Documents\\folder kuliah Binus\\CODING\\BNCC Pertemuan\\BNCC Project\\banana-cat\\vendor\\laravel\\framework\\src\\Illuminate\\View\\FileViewFinder.php:139)
[stacktrace]
#0 C:\\Users\\Raymond gunawan\\Documents\\folder kuliah Binus\\CODING\\BNCC Pertemuan\\BNCC Project\\banana-cat\\vendor\\laravel\\framework\\src\\Illuminate\\View\\FileViewFinder.php(79): Illuminate\\View\\FileViewFinder->findInPaths('employees.index', Array)
#1 C:\\Users\\Raymond gunawan\\Documents\\folder kuliah Binus\\CODING\\BNCC Pertemuan\\BNCC Project\\banana-cat\\vendor\\laravel\\framework\\src\\Illuminate\\View\\Factory.php(151): Illuminate\\View\\FileViewFinder->find('employees.index')
#2 C:\\Users\\Raymond gunawan\\Documents\\folder kuliah Binus\\CODING\\BNCC Pertemuan\\BNCC Project\\banana-cat\\vendor\\laravel\\framework\\src\\Illuminate\\Foundation\\helpers.php(1062): Illuminate\\View\\Factory->make('employees.index', Array, Array)
#3 C:\\Users\\Raymond gunawan\\Documents\\folder kuliah Binus\\CODING\\BNCC Pertemuan\\BNCC Project\\banana-cat\\app\\Http\\Controllers\\EmployeeController.php(13): view('employees.index', Array)
#4 C:\\Users\\Raymond gunawan\\Documents\\folder kuliah Binus\\CODING\\BNCC Pertemuan\\BNCC Project\\banana-cat\\vendor\\laravel\\framework\\src\\Illuminate\\Routing\\ControllerDispatcher.php(47): App\\Http\\Controllers\\EmployeeController->index()
#5 C:\\Users\\Raymond gunawan\\Documents\\folder kuliah Binus\\CODING\\BNCC Pertemuan\\BNCC Project\\banana-cat\\vendor\\laravel\\framework\\src\\Illuminate\\Routing\\Route.php(266): Illuminate\\Routing\\ControllerDispatcher->dispatch(Object(Illuminate\\Routing\\Route), Object(App\\Http\\Controllers\\EmployeeController), 'index')
#6 C:\\Users\\Raymond gunawan\\Documents\\folder kuliah Binus\\CODING\\BNCC Pertemuan\\BNCC Project\\banana-cat\\vendor\\laravel\\framework\\src\\Illuminate\\Routing\\Route.php(212): Illuminate\\Routing\\Route->runController()
#7 C:\\Users\\Raymond gunawan\\Documents\\folder kuliah Binus\\CODING\\BNCC Pertemuan\\BNCC Project\\banana-cat\\vendor\\laravel\\framework\\src\\Illuminate\\Routing\\Router.php(808): Illuminate\\Routing\\Route->run()
#8 C:\\Users\\Raymond gunawan\\Documents\\folder kuliah Binus\\CODING\\BNCC Pertemuan\\BNCC Project\\banana-cat\\vendor\\laravel\\framework\\src\\Illuminate\\Pipeline\\Pipeline.php(170): Illuminate\\Routing\\Router->Illuminate\\Routing\\{closure}(Object(Illuminate\\Http\\Request))
#9 C:\\Users\\Raymond gunawan\\Documents\\folder kuliah Binus\\CODING\\BNCC Pertemuan\\BNCC Project\\banana-cat\\vendor\\laravel\\framework\\src\\Illuminate\\Routing\\Middleware\\SubstituteBindings.php(51): Illuminate\\Pipeline\\Pipeline->Illuminate\\Pipeline\\{closure}(Object(Illuminate\\Http\\Request))
#10 C:\\Users\\Raymond gunawan\\Documents\\folder kuliah Binus\\CODING\\BNCC Pertemuan\\BNCC Project\\banana-cat\\vendor\\laravel\\framework\\src\\Illuminate\\Pipeline\\Pipeline.php(209): Illuminate\\Routing\\Middleware\\SubstituteBindings->handle(Object(Illuminate\\Http\\Request), Object(Closure))
#11 C:\\Users\\Raymond gunawan\\Documents\\folder kuliah Binus\\CODING\\BNCC Pertemuan\\BNCC Project\\banana-cat\\vendor\\laravel\\framework\\src\\Illuminate\\Foundation\\Http\\Middleware\\VerifyCsrfToken.php(88): Illuminate\\Pipeline\\Pipeline->Illuminate\\Pipeline\\{closure}(Object(Illuminate\\Http\\Request))
#12 C:\\Users\\Raymond gunawan\\Documents\\folder kuliah Binus\\CODING\\BNCC Pertemuan\\BNCC Project\\banana-cat\\vendor\\laravel\\framework\\src\\Illuminate\\Pipeline\\Pipeline.php(209): Illuminate\\Foundation\\Http\\Middleware\\VerifyCsrfToken->handle(Object(Illuminate\\Http\\Request), Object(Closure))
#13 C:\\Users\\Raymond gunawan\\Documents\\folder kuliah Binus\\CODING\\BNCC Pertemuan\\BNCC Project\\banana-cat\\vendor\\laravel\\framework\\src\\Illuminate\\View\\Middleware\\ShareErrorsFromSession.php(49): Illuminate\\Pipeline\\Pipeline->Illuminate\\Pipeline\\{closure}(Object(Illuminate\\Http\\Request))
#14 C:\\Users\\Raymond gunawan\\Documents\\folder kuliah Binus\\CODING\\BNCC Pertemuan\\BNCC Project\\banana-cat\\vendor\\laravel\\framework\\src\\Illuminate\\Pipeline\\Pipeline.php(209): Illuminate\\View\\Middleware\\ShareErrorsFromSession->handle(Object(Illuminate\\Http\\Request), Object(Closure))
#15 C:\\Users\\Raymond gunawan\\Documents\\folder kuliah Binus\\CODING\\BNCC Pertemuan\\BNCC Project\\banana-cat\\vendor\\laravel\\framework\\src\\Illuminate\\Session\\Middleware\\StartSession.php(121): Illuminate\\Pipeline\\Pipeline->Illuminate\\Pipeline\\{closure}(Object(Illuminate\\Http\\Request))
#16 C:\\Users\\Raymond gunawan\\Documents\\folder kuliah Binus\\CODING\\BNCC Pertemuan\\BNCC Project\\banana-cat\\vendor\\laravel\\framework\\src\\Illuminate\\Session\\Middleware\\StartSession.php(64): Illuminate\\Session\\Middleware\\StartSession->handleStatefulRequest(Object(Illuminate\\Http\\Request), Object(Illuminate\\Session\\Store), Object(Closure))
#17 C:\\Users\\Raymond gunawan\\Documents\\folder kuliah Binus\\CODING\\BNCC Pertemuan\\BNCC Project\\banana-cat\\vendor\\laravel\\framework\\src\\Illuminate\\Pipeline\\Pipeline.php(209): Illuminate\\Session\\Middleware\\StartSession->handle(Object(Illuminate\\Http\\Request), Object(Closure))
#18 C:\\Users\\Raymond gunawan\\Documents\\folder kuliah Binus\\CODING\\BNCC Pertemuan\\BNCC Project\\banana-cat\\vendor\\laravel\\framework\\src\\Illuminate\\Cookie\\Middleware\\AddQueuedCookiesToResponse.php(37): Illuminate\\Pipeline\\Pipeline->Illuminate\\Pipeline\\{closure}(Object(Illuminate\\Http\\Request))
#19 C:\\Users\\Raymond gunawan\\Documents\\folder kuliah Binus\\CODING\\BNCC Pertemuan\\BNCC Project\\banana-cat\\vendor\\laravel\\framework\\src\\Illuminate\\Pipeline\\Pipeline.php(209): Illuminate\\Cookie\\Middleware\\AddQueuedCookiesToResponse->handle(Object(Illuminate\\Http\\Request), Object(Closure))
#20 C:\\Users\\Raymond gunawan\\Documents\\folder kuliah Binus\\CODING\\BNCC Pertemuan\\BNCC Project\\banana-cat\\vendor\\laravel\\framework\\src\\Illuminate\\Cookie\\Middleware\\EncryptCookies.php(75): Illuminate\\Pipeline\\Pipeline->Illuminate\\Pipeline\\{closure}(Object(Illuminate\\Http\\Request))
#21 C:\\Users\\Raymond gunawan\\Documents\\folder kuliah Binus\\CODING\\BNCC Pertemuan\\BNCC Project\\banana-cat\\vendor\\laravel\\framework\\src\\Illuminate\\Pipeline\\Pipeline.php(209): Illuminate\\Cookie\\Middleware\\EncryptCookies->handle(Object(Illuminate\\Http\\Request), Object(Closure))
#22 C:\\Users\\Raymond gunawan\\Documents\\folder kuliah Binus\\CODING\\BNCC Pertemuan\\BNCC Project\\banana-cat\\vendor\\laravel\\framework\\src\\Illuminate\\Pipeline\\Pipeline.php(127): Illuminate\\Pipeline\\Pipeline->Illuminate\\Pipeline\\{closure}(Object(Illuminate\\Http\\Request))
#23 C:\\Users\\Raymond gunawan\\Documents\\folder kuliah Binus\\CODING\\BNCC Pertemuan\\BNCC Project\\banana-cat\\vendor\\laravel\\framework\\src\\Illuminate\\Routing\\Router.php(807): Illuminate\\Pipeline\\Pipeline->then(Object(Closure))
#24 C:\\Users\\Raymond gunawan\\Documents\\folder kuliah Binus\\CODING\\BNCC Pertemuan\\BNCC Project\\banana-cat\\vendor\\laravel\\framework\\src\\Illuminate\\Routing\\Router.php(786): Illuminate\\Routing\\Router->runRouteWithinStack(Object(Illuminate\\Routing\\Route), Object(Illuminate\\Http\\Request))
#25 C:\\Users\\Raymond gunawan\\Documents\\folder kuliah Binus\\CODING\\BNCC Pertemuan\\BNCC Project\\banana-cat\\vendor\\laravel\\framework\\src\\Illuminate\\Routing\\Router.php(750): Illuminate\\Routing\\Router->runRoute(Object(Illuminate\\Http\\Request), Object(Illuminate\\Routing\\Route))
#26 C:\\Users\\Raymond gunawan\\Documents\\folder kuliah Binus\\CODING\\BNCC Pertemuan\\BNCC Project\\banana-cat\\vendor\\laravel\\framework\\src\\Illuminate\\Routing\\Router.php(739): Illuminate\\Routing\\Router->dispatchToRoute(Object(Illuminate\\Http\\Request))
#27 C:\\Users\\Raymond gunawan\\Documents\\folder kuliah Binus\\CODING\\BNCC Pertemuan\\BNCC Project\\banana-cat\\vendor\\laravel\\framework\\src\\Illuminate\\Foundation\\Http\\Kernel.php(201): Illuminate\\Routing\\Router->dispatch(Object(Illuminate\\Http\\Request))
#28 C:\\Users\\Raymond gunawan\\Documents\\folder kuliah Binus\\CODING\\BNCC Pertemuan\\BNCC Project\\banana-cat\\vendor\\laravel\\framework\\src\\Illuminate\\Pipeline\\Pipeline.php(170): Illuminate\\Foundation\\Http\\Kernel->Illuminate\\Foundation\\Http\\{closure}(Object(Illuminate\\Http\\Request))
#29 C:\\Users\\Raymond gunawan\\Documents\\folder kuliah Binus\\CODING\\BNCC Pertemuan\\BNCC Project\\banana-cat\\vendor\\laravel\\framework\\src\\Illuminate\\Foundation\\Http\\Middleware\\TransformsRequest.php(21): Illuminate\\Pipeline\\Pipeline->Illuminate\\Pipeline\\{closure}(Object(Illuminate\\Http\\Request))
#30 C:\\Users\\Raymond gunawan\\Documents\\folder kuliah Binus\\CODING\\BNCC Pertemuan\\BNCC Project\\banana-cat\\vendor\\laravel\\framework\\src\\Illuminate\\Foundation\\Http\\Middleware\\ConvertEmptyStringsToNull.php(31): Illuminate\\Foundation\\Http\\Middleware\\TransformsRequest->handle(Object(Illuminate\\Http\\Request), Object(Closure))
#31 C:\\Users\\Raymond gunawan\\Documents\\folder kuliah Binus\\CODING\\BNCC Pertemuan\\BNCC Project\\banana-cat\\vendor\\laravel\\framework\\src\\Illuminate\\Pipeline\\Pipeline.php(209): Illuminate\\Foundation\\Http\\Middleware\\ConvertEmptyStringsToNull->handle(Object(Illuminate\\Http\\Request), Object(Closure))
#32 C:\\Users\\Raymond gunawan\\Documents\\folder kuliah Binus\\CODING\\BNCC Pertemuan\\BNCC Project\\banana-cat\\vendor\\laravel\\framework\\src\\Illuminate\\Foundation\\Http\\Middleware\\TransformsRequest.php(21): Illuminate\\Pipeline\\Pipeline->Illuminate\\Pipeline\\{closure}(Object(Illuminate\\Http\\Request))
#33 C:\\Users\\Raymond gunawan\\Documents\\folder kuliah Binus\\CODING\\BNCC Pertemuan\\BNCC Project\\banana-cat\\vendor\\laravel\\framework\\src\\Illuminate\\Foundation\\Http\\Middleware\\TrimStrings.php(51): Illuminate\\Foundation\\Http\\Middleware\\TransformsRequest->handle(Object(Illuminate\\Http\\Request), Object(Closure))
#34 C:\\Users\\Raymond gunawan\\Documents\\folder kuliah Binus\\CODING\\BNCC Pertemuan\\BNCC Project\\banana-cat\\vendor\\laravel\\framework\\src\\Illuminate\\Pipeline\\Pipeline.php(209): Illuminate\\Foundation\\Http\\Middleware\\TrimStrings->handle(Object(Illuminate\\Http\\Request), Object(Closure))
#35 C:\\Users\\Raymond gunawan\\Documents\\folder kuliah Binus\\CODING\\BNCC Pertemuan\\BNCC Project\\banana-cat\\vendor\\laravel\\framework\\src\\Illuminate\\Http\\Middleware\\ValidatePostSize.php(27): Illuminate\\Pipeline\\Pipeline->Illuminate\\Pipeline\\{closure}(Object(Illuminate\\Http\\Request))
#36 C:\\Users\\Raymond gunawan\\Documents\\folder kuliah Binus\\CODING\\BNCC Pertemuan\\BNCC Project\\banana-cat\\vendor\\laravel\\framework\\src\\Illuminate\\Pipeline\\Pipeline.php(209): Illuminate\\Http\\Middleware\\ValidatePostSize->handle(Object(Illuminate\\Http\\Request), Object(Closure))
#37 C:\\Users\\Raymond gunawan\\Documents\\folder kuliah Binus\\CODING\\BNCC Pertemuan\\BNCC Project\\banana-cat\\vendor\\laravel\\framework\\src\\Illuminate\\Foundation\\Http\\Middleware\\PreventRequestsDuringMaintenance.php(110): Illuminate\\Pipeline\\Pipeline->Illuminate\\Pipeline\\{closure}(Object(Illuminate\\Http\\Request))
#38 C:\\Users\\Raymond gunawan\\Documents\\folder kuliah Binus\\CODING\\BNCC Pertemuan\\BNCC Project\\banana-cat\\vendor\\laravel\\framework\\src\\Illuminate\\Pipeline\\Pipeline.php(209): Illuminate\\Foundation\\Http\\Middleware\\PreventRequestsDuringMaintenance->handle(Object(Illuminate\\Http\\Request), Object(Closure))
#39 C:\\Users\\Raymond gunawan\\Documents\\folder kuliah Binus\\CODING\\BNCC Pertemuan\\BNCC Project\\banana-cat\\vendor\\laravel\\framework\\src\\Illuminate\\Http\\Middleware\\HandleCors.php(49): Illuminate\\Pipeline\\Pipeline->Illuminate\\Pipeline\\{closure}(Object(Illuminate\\Http\\Request))
#40 C:\\Users\\Raymond gunawan\\Documents\\folder kuliah Binus\\CODING\\BNCC Pertemuan\\BNCC Project\\banana-cat\\vendor\\laravel\\framework\\src\\Illuminate\\Pipeline\\Pipeline.php(209): Illuminate\\Http\\Middleware\\HandleCors->handle(Object(Illuminate\\Http\\Request), Object(Closure))
#41 C:\\Users\\Raymond gunawan\\Documents\\folder kuliah Binus\\CODING\\BNCC Pertemuan\\BNCC Project\\banana-cat\\vendor\\laravel\\framework\\src\\Illuminate\\Http\\Middleware\\TrustProxies.php(58): Illuminate\\Pipeline\\Pipeline->Illuminate\\Pipeline\\{closure}(Object(Illuminate\\Http\\Request))
#42 C:\\Users\\Raymond gunawan\\Documents\\folder kuliah Binus\\CODING\\BNCC Pertemuan\\BNCC Project\\banana-cat\\vendor\\laravel\\framework\\src\\Illuminate\\Pipeline\\Pipeline.php(209): Illuminate\\Http\\Middleware\\TrustProxies->handle(Object(Illuminate\\Http\\Request), Object(Closure))
#43 C:\\Users\\Raymond gunawan\\Documents\\folder kuliah Binus\\CODING\\BNCC Pertemuan\\BNCC Project\\banana-cat\\vendor\\laravel\\framework\\src\\Illuminate\\Foundation\\Http\\Middleware\\InvokeDeferredCallbacks.php(22): Illuminate\\Pipeline\\Pipeline->Illuminate\\Pipeline\\{closure}(Object(Illuminate\\Http\\Request))
#44 C:\\Users\\Raymond gunawan\\Documents\\folder kuliah Binus\\CODING\\BNCC Pertemuan\\BNCC Project\\banana-cat\\vendor\\laravel\\framework\\src\\Illuminate\\Pipeline\\Pipeline.php(209): Illuminate\\Foundation\\Http\\Middleware\\InvokeDeferredCallbacks->handle(Object(Illuminate\\Http\\Request), Object(Closure))
#45 C:\\Users\\Raymond gunawan\\Documents\\folder kuliah Binus\\CODING\\BNCC Pertemuan\\BNCC Project\\banana-cat\\vendor\\laravel\\framework\\src\\Illuminate\\Pipeline\\Pipeline.php(127): Illuminate\\Pipeline\\Pipeline->Illuminate\\Pipeline\\{closure}(Object(Illuminate\\Http\\Request))
#46 C:\\Users\\Raymond gunawan\\Documents\\folder kuliah Binus\\CODING\\BNCC Pertemuan\\BNCC Project\\banana-cat\\vendor\\laravel\\framework\\src\\Illuminate\\Foundation\\Http\\Kernel.php(176): Illuminate\\Pipeline\\Pipeline->then(Object(Closure))
#47 C:\\Users\\Raymond gunawan\\Documents\\folder kuliah Binus\\CODING\\BNCC Pertemuan\\BNCC Project\\banana-cat\\vendor\\laravel\\framework\\src\\Illuminate\\Foundation\\Http\\Kernel.php(145): Illuminate\\Foundation\\Http\\Kernel->sendRequestThroughRouter(Object(Illuminate\\Http\\Request))
#48 C:\\Users\\Raymond gunawan\\Documents\\folder kuliah Binus\\CODING\\BNCC Pertemuan\\BNCC Project\\banana-cat\\vendor\\laravel\\framework\\src\\Illuminate\\Foundation\\Application.php(1220): Illuminate\\Foundation\\Http\\Kernel->handle(Object(Illuminate\\Http\\Request))
#49 C:\\Users\\Raymond gunawan\\Documents\\folder kuliah Binus\\CODING\\BNCC Pertemuan\\BNCC Project\\banana-cat\\public\\index.php(17): Illuminate\\Foundation\\Application->handleRequest(Object(Illuminate\\Http\\Request))
#50 C:\\Users\\Raymond gunawan\\Documents\\folder kuliah Binus\\CODING\\BNCC Pertemuan\\BNCC Project\\banana-cat\\vendor\\laravel\\framework\\src\\Illuminate\\Foundation\\resources\\server.php(23): require_once('C:\\\\Users\\\\Raymon...')
#51 {main}
"} 
[2025-02-22 16:12:38] local.ERROR: View [employees.index] not found. {"exception":"[object] (InvalidArgumentException(code: 0): View [employees.index] not found. at C:\\Users\\Raymond gunawan\\Documents\\folder kuliah Binus\\CODING\\BNCC Pertemuan\\BNCC Project\\banana-cat\\vendor\\laravel\\framework\\src\\Illuminate\\View\\FileViewFinder.php:139)
[stacktrace]
#0 C:\\Users\\Raymond gunawan\\Documents\\folder kuliah Binus\\CODING\\BNCC Pertemuan\\BNCC Project\\banana-cat\\vendor\\laravel\\framework\\src\\Illuminate\\View\\FileViewFinder.php(79): Illuminate\\View\\FileViewFinder->findInPaths('employees.index', Array)
#1 C:\\Users\\Raymond gunawan\\Documents\\folder kuliah Binus\\CODING\\BNCC Pertemuan\\BNCC Project\\banana-cat\\vendor\\laravel\\framework\\src\\Illuminate\\View\\Factory.php(151): Illuminate\\View\\FileViewFinder->find('employees.index')
#2 C:\\Users\\Raymond gunawan\\Documents\\folder kuliah Binus\\CODING\\BNCC Pertemuan\\BNCC Project\\banana-cat\\vendor\\laravel\\framework\\src\\Illuminate\\Foundation\\helpers.php(1062): Illuminate\\View\\Factory->make('employees.index', Array, Array)
#3 C:\\Users\\Raymond gunawan\\Documents\\folder kuliah Binus\\CODING\\BNCC Pertemuan\\BNCC Project\\banana-cat\\app\\Http\\Controllers\\EmployeeController.php(13): view('employees.index', Array)
#4 C:\\Users\\Raymond gunawan\\Documents\\folder kuliah Binus\\CODING\\BNCC Pertemuan\\BNCC Project\\banana-cat\\vendor\\laravel\\framework\\src\\Illuminate\\Routing\\ControllerDispatcher.php(47): App\\Http\\Controllers\\EmployeeController->index()
#5 C:\\Users\\Raymond gunawan\\Documents\\folder kuliah Binus\\CODING\\BNCC Pertemuan\\BNCC Project\\banana-cat\\vendor\\laravel\\framework\\src\\Illuminate\\Routing\\Route.php(266): Illuminate\\Routing\\ControllerDispatcher->dispatch(Object(Illuminate\\Routing\\Route), Object(App\\Http\\Controllers\\EmployeeController), 'index')
#6 C:\\Users\\Raymond gunawan\\Documents\\folder kuliah Binus\\CODING\\BNCC Pertemuan\\BNCC Project\\banana-cat\\vendor\\laravel\\framework\\src\\Illuminate\\Routing\\Route.php(212): Illuminate\\Routing\\Route->runController()
#7 C:\\Users\\Raymond gunawan\\Documents\\folder kuliah Binus\\CODING\\BNCC Pertemuan\\BNCC Project\\banana-cat\\vendor\\laravel\\framework\\src\\Illuminate\\Routing\\Router.php(808): Illuminate\\Routing\\Route->run()
#8 C:\\Users\\Raymond gunawan\\Documents\\folder kuliah Binus\\CODING\\BNCC Pertemuan\\BNCC Project\\banana-cat\\vendor\\laravel\\framework\\src\\Illuminate\\Pipeline\\Pipeline.php(170): Illuminate\\Routing\\Router->Illuminate\\Routing\\{closure}(Object(Illuminate\\Http\\Request))
#9 C:\\Users\\Raymond gunawan\\Documents\\folder kuliah Binus\\CODING\\BNCC Pertemuan\\BNCC Project\\banana-cat\\vendor\\laravel\\framework\\src\\Illuminate\\Routing\\Middleware\\SubstituteBindings.php(51): Illuminate\\Pipeline\\Pipeline->Illuminate\\Pipeline\\{closure}(Object(Illuminate\\Http\\Request))
#10 C:\\Users\\Raymond gunawan\\Documents\\folder kuliah Binus\\CODING\\BNCC Pertemuan\\BNCC Project\\banana-cat\\vendor\\laravel\\framework\\src\\Illuminate\\Pipeline\\Pipeline.php(209): Illuminate\\Routing\\Middleware\\SubstituteBindings->handle(Object(Illuminate\\Http\\Request), Object(Closure))
#11 C:\\Users\\Raymond gunawan\\Documents\\folder kuliah Binus\\CODING\\BNCC Pertemuan\\BNCC Project\\banana-cat\\vendor\\laravel\\framework\\src\\Illuminate\\Foundation\\Http\\Middleware\\VerifyCsrfToken.php(88): Illuminate\\Pipeline\\Pipeline->Illuminate\\Pipeline\\{closure}(Object(Illuminate\\Http\\Request))
#12 C:\\Users\\Raymond gunawan\\Documents\\folder kuliah Binus\\CODING\\BNCC Pertemuan\\BNCC Project\\banana-cat\\vendor\\laravel\\framework\\src\\Illuminate\\Pipeline\\Pipeline.php(209): Illuminate\\Foundation\\Http\\Middleware\\VerifyCsrfToken->handle(Object(Illuminate\\Http\\Request), Object(Closure))
#13 C:\\Users\\Raymond gunawan\\Documents\\folder kuliah Binus\\CODING\\BNCC Pertemuan\\BNCC Project\\banana-cat\\vendor\\laravel\\framework\\src\\Illuminate\\View\\Middleware\\ShareErrorsFromSession.php(49): Illuminate\\Pipeline\\Pipeline->Illuminate\\Pipeline\\{closure}(Object(Illuminate\\Http\\Request))
#14 C:\\Users\\Raymond gunawan\\Documents\\folder kuliah Binus\\CODING\\BNCC Pertemuan\\BNCC Project\\banana-cat\\vendor\\laravel\\framework\\src\\Illuminate\\Pipeline\\Pipeline.php(209): Illuminate\\View\\Middleware\\ShareErrorsFromSession->handle(Object(Illuminate\\Http\\Request), Object(Closure))
#15 C:\\Users\\Raymond gunawan\\Documents\\folder kuliah Binus\\CODING\\BNCC Pertemuan\\BNCC Project\\banana-cat\\vendor\\laravel\\framework\\src\\Illuminate\\Session\\Middleware\\StartSession.php(121): Illuminate\\Pipeline\\Pipeline->Illuminate\\Pipeline\\{closure}(Object(Illuminate\\Http\\Request))
#16 C:\\Users\\Raymond gunawan\\Documents\\folder kuliah Binus\\CODING\\BNCC Pertemuan\\BNCC Project\\banana-cat\\vendor\\laravel\\framework\\src\\Illuminate\\Session\\Middleware\\StartSession.php(64): Illuminate\\Session\\Middleware\\StartSession->handleStatefulRequest(Object(Illuminate\\Http\\Request), Object(Illuminate\\Session\\Store), Object(Closure))
#17 C:\\Users\\Raymond gunawan\\Documents\\folder kuliah Binus\\CODING\\BNCC Pertemuan\\BNCC Project\\banana-cat\\vendor\\laravel\\framework\\src\\Illuminate\\Pipeline\\Pipeline.php(209): Illuminate\\Session\\Middleware\\StartSession->handle(Object(Illuminate\\Http\\Request), Object(Closure))
#18 C:\\Users\\Raymond gunawan\\Documents\\folder kuliah Binus\\CODING\\BNCC Pertemuan\\BNCC Project\\banana-cat\\vendor\\laravel\\framework\\src\\Illuminate\\Cookie\\Middleware\\AddQueuedCookiesToResponse.php(37): Illuminate\\Pipeline\\Pipeline->Illuminate\\Pipeline\\{closure}(Object(Illuminate\\Http\\Request))
#19 C:\\Users\\Raymond gunawan\\Documents\\folder kuliah Binus\\CODING\\BNCC Pertemuan\\BNCC Project\\banana-cat\\vendor\\laravel\\framework\\src\\Illuminate\\Pipeline\\Pipeline.php(209): Illuminate\\Cookie\\Middleware\\AddQueuedCookiesToResponse->handle(Object(Illuminate\\Http\\Request), Object(Closure))
#20 C:\\Users\\Raymond gunawan\\Documents\\folder kuliah Binus\\CODING\\BNCC Pertemuan\\BNCC Project\\banana-cat\\vendor\\laravel\\framework\\src\\Illuminate\\Cookie\\Middleware\\EncryptCookies.php(75): Illuminate\\Pipeline\\Pipeline->Illuminate\\Pipeline\\{closure}(Object(Illuminate\\Http\\Request))
#21 C:\\Users\\Raymond gunawan\\Documents\\folder kuliah Binus\\CODING\\BNCC Pertemuan\\BNCC Project\\banana-cat\\vendor\\laravel\\framework\\src\\Illuminate\\Pipeline\\Pipeline.php(209): Illuminate\\Cookie\\Middleware\\EncryptCookies->handle(Object(Illuminate\\Http\\Request), Object(Closure))
#22 C:\\Users\\Raymond gunawan\\Documents\\folder kuliah Binus\\CODING\\BNCC Pertemuan\\BNCC Project\\banana-cat\\vendor\\laravel\\framework\\src\\Illuminate\\Pipeline\\Pipeline.php(127): Illuminate\\Pipeline\\Pipeline->Illuminate\\Pipeline\\{closure}(Object(Illuminate\\Http\\Request))
#23 C:\\Users\\Raymond gunawan\\Documents\\folder kuliah Binus\\CODING\\BNCC Pertemuan\\BNCC Project\\banana-cat\\vendor\\laravel\\framework\\src\\Illuminate\\Routing\\Router.php(807): Illuminate\\Pipeline\\Pipeline->then(Object(Closure))
#24 C:\\Users\\Raymond gunawan\\Documents\\folder kuliah Binus\\CODING\\BNCC Pertemuan\\BNCC Project\\banana-cat\\vendor\\laravel\\framework\\src\\Illuminate\\Routing\\Router.php(786): Illuminate\\Routing\\Router->runRouteWithinStack(Object(Illuminate\\Routing\\Route), Object(Illuminate\\Http\\Request))
#25 C:\\Users\\Raymond gunawan\\Documents\\folder kuliah Binus\\CODING\\BNCC Pertemuan\\BNCC Project\\banana-cat\\vendor\\laravel\\framework\\src\\Illuminate\\Routing\\Router.php(750): Illuminate\\Routing\\Router->runRoute(Object(Illuminate\\Http\\Request), Object(Illuminate\\Routing\\Route))
#26 C:\\Users\\Raymond gunawan\\Documents\\folder kuliah Binus\\CODING\\BNCC Pertemuan\\BNCC Project\\banana-cat\\vendor\\laravel\\framework\\src\\Illuminate\\Routing\\Router.php(739): Illuminate\\Routing\\Router->dispatchToRoute(Object(Illuminate\\Http\\Request))
#27 C:\\Users\\Raymond gunawan\\Documents\\folder kuliah Binus\\CODING\\BNCC Pertemuan\\BNCC Project\\banana-cat\\vendor\\laravel\\framework\\src\\Illuminate\\Foundation\\Http\\Kernel.php(201): Illuminate\\Routing\\Router->dispatch(Object(Illuminate\\Http\\Request))
#28 C:\\Users\\Raymond gunawan\\Documents\\folder kuliah Binus\\CODING\\BNCC Pertemuan\\BNCC Project\\banana-cat\\vendor\\laravel\\framework\\src\\Illuminate\\Pipeline\\Pipeline.php(170): Illuminate\\Foundation\\Http\\Kernel->Illuminate\\Foundation\\Http\\{closure}(Object(Illuminate\\Http\\Request))
#29 C:\\Users\\Raymond gunawan\\Documents\\folder kuliah Binus\\CODING\\BNCC Pertemuan\\BNCC Project\\banana-cat\\vendor\\laravel\\framework\\src\\Illuminate\\Foundation\\Http\\Middleware\\TransformsRequest.php(21): Illuminate\\Pipeline\\Pipeline->Illuminate\\Pipeline\\{closure}(Object(Illuminate\\Http\\Request))
#30 C:\\Users\\Raymond gunawan\\Documents\\folder kuliah Binus\\CODING\\BNCC Pertemuan\\BNCC Project\\banana-cat\\vendor\\laravel\\framework\\src\\Illuminate\\Foundation\\Http\\Middleware\\ConvertEmptyStringsToNull.php(31): Illuminate\\Foundation\\Http\\Middleware\\TransformsRequest->handle(Object(Illuminate\\Http\\Request), Object(Closure))
#31 C:\\Users\\Raymond gunawan\\Documents\\folder kuliah Binus\\CODING\\BNCC Pertemuan\\BNCC Project\\banana-cat\\vendor\\laravel\\framework\\src\\Illuminate\\Pipeline\\Pipeline.php(209): Illuminate\\Foundation\\Http\\Middleware\\ConvertEmptyStringsToNull->handle(Object(Illuminate\\Http\\Request), Object(Closure))
#32 C:\\Users\\Raymond gunawan\\Documents\\folder kuliah Binus\\CODING\\BNCC Pertemuan\\BNCC Project\\banana-cat\\vendor\\laravel\\framework\\src\\Illuminate\\Foundation\\Http\\Middleware\\TransformsRequest.php(21): Illuminate\\Pipeline\\Pipeline->Illuminate\\Pipeline\\{closure}(Object(Illuminate\\Http\\Request))
#33 C:\\Users\\Raymond gunawan\\Documents\\folder kuliah Binus\\CODING\\BNCC Pertemuan\\BNCC Project\\banana-cat\\vendor\\laravel\\framework\\src\\Illuminate\\Foundation\\Http\\Middleware\\TrimStrings.php(51): Illuminate\\Foundation\\Http\\Middleware\\TransformsRequest->handle(Object(Illuminate\\Http\\Request), Object(Closure))
#34 C:\\Users\\Raymond gunawan\\Documents\\folder kuliah Binus\\CODING\\BNCC Pertemuan\\BNCC Project\\banana-cat\\vendor\\laravel\\framework\\src\\Illuminate\\Pipeline\\Pipeline.php(209): Illuminate\\Foundation\\Http\\Middleware\\TrimStrings->handle(Object(Illuminate\\Http\\Request), Object(Closure))
#35 C:\\Users\\Raymond gunawan\\Documents\\folder kuliah Binus\\CODING\\BNCC Pertemuan\\BNCC Project\\banana-cat\\vendor\\laravel\\framework\\src\\Illuminate\\Http\\Middleware\\ValidatePostSize.php(27): Illuminate\\Pipeline\\Pipeline->Illuminate\\Pipeline\\{closure}(Object(Illuminate\\Http\\Request))
#36 C:\\Users\\Raymond gunawan\\Documents\\folder kuliah Binus\\CODING\\BNCC Pertemuan\\BNCC Project\\banana-cat\\vendor\\laravel\\framework\\src\\Illuminate\\Pipeline\\Pipeline.php(209): Illuminate\\Http\\Middleware\\ValidatePostSize->handle(Object(Illuminate\\Http\\Request), Object(Closure))
#37 C:\\Users\\Raymond gunawan\\Documents\\folder kuliah Binus\\CODING\\BNCC Pertemuan\\BNCC Project\\banana-cat\\vendor\\laravel\\framework\\src\\Illuminate\\Foundation\\Http\\Middleware\\PreventRequestsDuringMaintenance.php(110): Illuminate\\Pipeline\\Pipeline->Illuminate\\Pipeline\\{closure}(Object(Illuminate\\Http\\Request))
#38 C:\\Users\\Raymond gunawan\\Documents\\folder kuliah Binus\\CODING\\BNCC Pertemuan\\BNCC Project\\banana-cat\\vendor\\laravel\\framework\\src\\Illuminate\\Pipeline\\Pipeline.php(209): Illuminate\\Foundation\\Http\\Middleware\\PreventRequestsDuringMaintenance->handle(Object(Illuminate\\Http\\Request), Object(Closure))
#39 C:\\Users\\Raymond gunawan\\Documents\\folder kuliah Binus\\CODING\\BNCC Pertemuan\\BNCC Project\\banana-cat\\vendor\\laravel\\framework\\src\\Illuminate\\Http\\Middleware\\HandleCors.php(49): Illuminate\\Pipeline\\Pipeline->Illuminate\\Pipeline\\{closure}(Object(Illuminate\\Http\\Request))
#40 C:\\Users\\Raymond gunawan\\Documents\\folder kuliah Binus\\CODING\\BNCC Pertemuan\\BNCC Project\\banana-cat\\vendor\\laravel\\framework\\src\\Illuminate\\Pipeline\\Pipeline.php(209): Illuminate\\Http\\Middleware\\HandleCors->handle(Object(Illuminate\\Http\\Request), Object(Closure))
#41 C:\\Users\\Raymond gunawan\\Documents\\folder kuliah Binus\\CODING\\BNCC Pertemuan\\BNCC Project\\banana-cat\\vendor\\laravel\\framework\\src\\Illuminate\\Http\\Middleware\\TrustProxies.php(58): Illuminate\\Pipeline\\Pipeline->Illuminate\\Pipeline\\{closure}(Object(Illuminate\\Http\\Request))
#42 C:\\Users\\Raymond gunawan\\Documents\\folder kuliah Binus\\CODING\\BNCC Pertemuan\\BNCC Project\\banana-cat\\vendor\\laravel\\framework\\src\\Illuminate\\Pipeline\\Pipeline.php(209): Illuminate\\Http\\Middleware\\TrustProxies->handle(Object(Illuminate\\Http\\Request), Object(Closure))
#43 C:\\Users\\Raymond gunawan\\Documents\\folder kuliah Binus\\CODING\\BNCC Pertemuan\\BNCC Project\\banana-cat\\vendor\\laravel\\framework\\src\\Illuminate\\Foundation\\Http\\Middleware\\InvokeDeferredCallbacks.php(22): Illuminate\\Pipeline\\Pipeline->Illuminate\\Pipeline\\{closure}(Object(Illuminate\\Http\\Request))
#44 C:\\Users\\Raymond gunawan\\Documents\\folder kuliah Binus\\CODING\\BNCC Pertemuan\\BNCC Project\\banana-cat\\vendor\\laravel\\framework\\src\\Illuminate\\Pipeline\\Pipeline.php(209): Illuminate\\Foundation\\Http\\Middleware\\InvokeDeferredCallbacks->handle(Object(Illuminate\\Http\\Request), Object(Closure))
#45 C:\\Users\\Raymond gunawan\\Documents\\folder kuliah Binus\\CODING\\BNCC Pertemuan\\BNCC Project\\banana-cat\\vendor\\laravel\\framework\\src\\Illuminate\\Pipeline\\Pipeline.php(127): Illuminate\\Pipeline\\Pipeline->Illuminate\\Pipeline\\{closure}(Object(Illuminate\\Http\\Request))
#46 C:\\Users\\Raymond gunawan\\Documents\\folder kuliah Binus\\CODING\\BNCC Pertemuan\\BNCC Project\\banana-cat\\vendor\\laravel\\framework\\src\\Illuminate\\Foundation\\Http\\Kernel.php(176): Illuminate\\Pipeline\\Pipeline->then(Object(Closure))
#47 C:\\Users\\Raymond gunawan\\Documents\\folder kuliah Binus\\CODING\\BNCC Pertemuan\\BNCC Project\\banana-cat\\vendor\\laravel\\framework\\src\\Illuminate\\Foundation\\Http\\Kernel.php(145): Illuminate\\Foundation\\Http\\Kernel->sendRequestThroughRouter(Object(Illuminate\\Http\\Request))
#48 C:\\Users\\Raymond gunawan\\Documents\\folder kuliah Binus\\CODING\\BNCC Pertemuan\\BNCC Project\\banana-cat\\vendor\\laravel\\framework\\src\\Illuminate\\Foundation\\Application.php(1220): Illuminate\\Foundation\\Http\\Kernel->handle(Object(Illuminate\\Http\\Request))
#49 C:\\Users\\Raymond gunawan\\Documents\\folder kuliah Binus\\CODING\\BNCC Pertemuan\\BNCC Project\\banana-cat\\public\\index.php(17): Illuminate\\Foundation\\Application->handleRequest(Object(Illuminate\\Http\\Request))
#50 C:\\Users\\Raymond gunawan\\Documents\\folder kuliah Binus\\CODING\\BNCC Pertemuan\\BNCC Project\\banana-cat\\vendor\\laravel\\framework\\src\\Illuminate\\Foundation\\resources\\server.php(23): require_once('C:\\\\Users\\\\Raymon...')
#51 {main}
"} 
[2025-02-22 16:16:06] local.ERROR: Add [name] to fillable property to allow mass assignment on [App\Models\Employee]. {"exception":"[object] (Illuminate\\Database\\Eloquent\\MassAssignmentException(code: 0): Add [name] to fillable property to allow mass assignment on [App\\Models\\Employee]. at C:\\Users\\Raymond gunawan\\Documents\\folder kuliah Binus\\CODING\\BNCC Pertemuan\\BNCC Project\\banana-cat\\vendor\\laravel\\framework\\src\\Illuminate\\Database\\Eloquent\\Model.php:544)
[stacktrace]
#0 C:\\Users\\Raymond gunawan\\Documents\\folder kuliah Binus\\CODING\\BNCC Pertemuan\\BNCC Project\\banana-cat\\vendor\\laravel\\framework\\src\\Illuminate\\Database\\Eloquent\\Model.php(633): Illuminate\\Database\\Eloquent\\Model->fill(Array)
#1 C:\\Users\\Raymond gunawan\\Documents\\folder kuliah Binus\\CODING\\BNCC Pertemuan\\BNCC Project\\banana-cat\\vendor\\laravel\\framework\\src\\Illuminate\\Database\\Eloquent\\Builder.php(1655): Illuminate\\Database\\Eloquent\\Model->newInstance(Array)
#2 C:\\Users\\Raymond gunawan\\Documents\\folder kuliah Binus\\CODING\\BNCC Pertemuan\\BNCC Project\\banana-cat\\vendor\\laravel\\framework\\src\\Illuminate\\Database\\Eloquent\\Builder.php(1127): Illuminate\\Database\\Eloquent\\Builder->newModelInstance(Array)
#3 C:\\Users\\Raymond gunawan\\Documents\\folder kuliah Binus\\CODING\\BNCC Pertemuan\\BNCC Project\\banana-cat\\vendor\\laravel\\framework\\src\\Illuminate\\Support\\Traits\\ForwardsCalls.php(23): Illuminate\\Database\\Eloquent\\Builder->create(Array)
#4 C:\\Users\\Raymond gunawan\\Documents\\folder kuliah Binus\\CODING\\BNCC Pertemuan\\BNCC Project\\banana-cat\\vendor\\laravel\\framework\\src\\Illuminate\\Database\\Eloquent\\Model.php(2372): Illuminate\\Database\\Eloquent\\Model->forwardCallTo(Object(Illuminate\\Database\\Eloquent\\Builder), 'create', Array)
#5 C:\\Users\\Raymond gunawan\\Documents\\folder kuliah Binus\\CODING\\BNCC Pertemuan\\BNCC Project\\banana-cat\\vendor\\laravel\\framework\\src\\Illuminate\\Database\\Eloquent\\Model.php(2384): Illuminate\\Database\\Eloquent\\Model->__call('create', Array)
#6 C:\\Users\\Raymond gunawan\\Documents\\folder kuliah Binus\\CODING\\BNCC Pertemuan\\BNCC Project\\banana-cat\\app\\Http\\Controllers\\EmployeeController.php(30): Illuminate\\Database\\Eloquent\\Model::__callStatic('create', Array)
#7 C:\\Users\\Raymond gunawan\\Documents\\folder kuliah Binus\\CODING\\BNCC Pertemuan\\BNCC Project\\banana-cat\\vendor\\laravel\\framework\\src\\Illuminate\\Routing\\ControllerDispatcher.php(47): App\\Http\\Controllers\\EmployeeController->store(Object(Illuminate\\Http\\Request))
#8 C:\\Users\\Raymond gunawan\\Documents\\folder kuliah Binus\\CODING\\BNCC Pertemuan\\BNCC Project\\banana-cat\\vendor\\laravel\\framework\\src\\Illuminate\\Routing\\Route.php(266): Illuminate\\Routing\\ControllerDispatcher->dispatch(Object(Illuminate\\Routing\\Route), Object(App\\Http\\Controllers\\EmployeeController), 'store')
#9 C:\\Users\\Raymond gunawan\\Documents\\folder kuliah Binus\\CODING\\BNCC Pertemuan\\BNCC Project\\banana-cat\\vendor\\laravel\\framework\\src\\Illuminate\\Routing\\Route.php(212): Illuminate\\Routing\\Route->runController()
#10 C:\\Users\\Raymond gunawan\\Documents\\folder kuliah Binus\\CODING\\BNCC Pertemuan\\BNCC Project\\banana-cat\\vendor\\laravel\\framework\\src\\Illuminate\\Routing\\Router.php(808): Illuminate\\Routing\\Route->run()
#11 C:\\Users\\Raymond gunawan\\Documents\\folder kuliah Binus\\CODING\\BNCC Pertemuan\\BNCC Project\\banana-cat\\vendor\\laravel\\framework\\src\\Illuminate\\Pipeline\\Pipeline.php(170): Illuminate\\Routing\\Router->Illuminate\\Routing\\{closure}(Object(Illuminate\\Http\\Request))
#12 C:\\Users\\Raymond gunawan\\Documents\\folder kuliah Binus\\CODING\\BNCC Pertemuan\\BNCC Project\\banana-cat\\vendor\\laravel\\framework\\src\\Illuminate\\Routing\\Middleware\\SubstituteBindings.php(51): Illuminate\\Pipeline\\Pipeline->Illuminate\\Pipeline\\{closure}(Object(Illuminate\\Http\\Request))
#13 C:\\Users\\Raymond gunawan\\Documents\\folder kuliah Binus\\CODING\\BNCC Pertemuan\\BNCC Project\\banana-cat\\vendor\\laravel\\framework\\src\\Illuminate\\Pipeline\\Pipeline.php(209): Illuminate\\Routing\\Middleware\\SubstituteBindings->handle(Object(Illuminate\\Http\\Request), Object(Closure))
#14 C:\\Users\\Raymond gunawan\\Documents\\folder kuliah Binus\\CODING\\BNCC Pertemuan\\BNCC Project\\banana-cat\\vendor\\laravel\\framework\\src\\Illuminate\\Foundation\\Http\\Middleware\\VerifyCsrfToken.php(88): Illuminate\\Pipeline\\Pipeline->Illuminate\\Pipeline\\{closure}(Object(Illuminate\\Http\\Request))
#15 C:\\Users\\Raymond gunawan\\Documents\\folder kuliah Binus\\CODING\\BNCC Pertemuan\\BNCC Project\\banana-cat\\vendor\\laravel\\framework\\src\\Illuminate\\Pipeline\\Pipeline.php(209): Illuminate\\Foundation\\Http\\Middleware\\VerifyCsrfToken->handle(Object(Illuminate\\Http\\Request), Object(Closure))
#16 C:\\Users\\Raymond gunawan\\Documents\\folder kuliah Binus\\CODING\\BNCC Pertemuan\\BNCC Project\\banana-cat\\vendor\\laravel\\framework\\src\\Illuminate\\View\\Middleware\\ShareErrorsFromSession.php(49): Illuminate\\Pipeline\\Pipeline->Illuminate\\Pipeline\\{closure}(Object(Illuminate\\Http\\Request))
#17 C:\\Users\\Raymond gunawan\\Documents\\folder kuliah Binus\\CODING\\BNCC Pertemuan\\BNCC Project\\banana-cat\\vendor\\laravel\\framework\\src\\Illuminate\\Pipeline\\Pipeline.php(209): Illuminate\\View\\Middleware\\ShareErrorsFromSession->handle(Object(Illuminate\\Http\\Request), Object(Closure))
#18 C:\\Users\\Raymond gunawan\\Documents\\folder kuliah Binus\\CODING\\BNCC Pertemuan\\BNCC Project\\banana-cat\\vendor\\laravel\\framework\\src\\Illuminate\\Session\\Middleware\\StartSession.php(121): Illuminate\\Pipeline\\Pipeline->Illuminate\\Pipeline\\{closure}(Object(Illuminate\\Http\\Request))
#19 C:\\Users\\Raymond gunawan\\Documents\\folder kuliah Binus\\CODING\\BNCC Pertemuan\\BNCC Project\\banana-cat\\vendor\\laravel\\framework\\src\\Illuminate\\Session\\Middleware\\StartSession.php(64): Illuminate\\Session\\Middleware\\StartSession->handleStatefulRequest(Object(Illuminate\\Http\\Request), Object(Illuminate\\Session\\Store), Object(Closure))
#20 C:\\Users\\Raymond gunawan\\Documents\\folder kuliah Binus\\CODING\\BNCC Pertemuan\\BNCC Project\\banana-cat\\vendor\\laravel\\framework\\src\\Illuminate\\Pipeline\\Pipeline.php(209): Illuminate\\Session\\Middleware\\StartSession->handle(Object(Illuminate\\Http\\Request), Object(Closure))
#21 C:\\Users\\Raymond gunawan\\Documents\\folder kuliah Binus\\CODING\\BNCC Pertemuan\\BNCC Project\\banana-cat\\vendor\\laravel\\framework\\src\\Illuminate\\Cookie\\Middleware\\AddQueuedCookiesToResponse.php(37): Illuminate\\Pipeline\\Pipeline->Illuminate\\Pipeline\\{closure}(Object(Illuminate\\Http\\Request))
#22 C:\\Users\\Raymond gunawan\\Documents\\folder kuliah Binus\\CODING\\BNCC Pertemuan\\BNCC Project\\banana-cat\\vendor\\laravel\\framework\\src\\Illuminate\\Pipeline\\Pipeline.php(209): Illuminate\\Cookie\\Middleware\\AddQueuedCookiesToResponse->handle(Object(Illuminate\\Http\\Request), Object(Closure))
#23 C:\\Users\\Raymond gunawan\\Documents\\folder kuliah Binus\\CODING\\BNCC Pertemuan\\BNCC Project\\banana-cat\\vendor\\laravel\\framework\\src\\Illuminate\\Cookie\\Middleware\\EncryptCookies.php(75): Illuminate\\Pipeline\\Pipeline->Illuminate\\Pipeline\\{closure}(Object(Illuminate\\Http\\Request))
#24 C:\\Users\\Raymond gunawan\\Documents\\folder kuliah Binus\\CODING\\BNCC Pertemuan\\BNCC Project\\banana-cat\\vendor\\laravel\\framework\\src\\Illuminate\\Pipeline\\Pipeline.php(209): Illuminate\\Cookie\\Middleware\\EncryptCookies->handle(Object(Illuminate\\Http\\Request), Object(Closure))
#25 C:\\Users\\Raymond gunawan\\Documents\\folder kuliah Binus\\CODING\\BNCC Pertemuan\\BNCC Project\\banana-cat\\vendor\\laravel\\framework\\src\\Illuminate\\Pipeline\\Pipeline.php(127): Illuminate\\Pipeline\\Pipeline->Illuminate\\Pipeline\\{closure}(Object(Illuminate\\Http\\Request))
#26 C:\\Users\\Raymond gunawan\\Documents\\folder kuliah Binus\\CODING\\BNCC Pertemuan\\BNCC Project\\banana-cat\\vendor\\laravel\\framework\\src\\Illuminate\\Routing\\Router.php(807): Illuminate\\Pipeline\\Pipeline->then(Object(Closure))
#27 C:\\Users\\Raymond gunawan\\Documents\\folder kuliah Binus\\CODING\\BNCC Pertemuan\\BNCC Project\\banana-cat\\vendor\\laravel\\framework\\src\\Illuminate\\Routing\\Router.php(786): Illuminate\\Routing\\Router->runRouteWithinStack(Object(Illuminate\\Routing\\Route), Object(Illuminate\\Http\\Request))
#28 C:\\Users\\Raymond gunawan\\Documents\\folder kuliah Binus\\CODING\\BNCC Pertemuan\\BNCC Project\\banana-cat\\vendor\\laravel\\framework\\src\\Illuminate\\Routing\\Router.php(750): Illuminate\\Routing\\Router->runRoute(Object(Illuminate\\Http\\Request), Object(Illuminate\\Routing\\Route))
#29 C:\\Users\\Raymond gunawan\\Documents\\folder kuliah Binus\\CODING\\BNCC Pertemuan\\BNCC Project\\banana-cat\\vendor\\laravel\\framework\\src\\Illuminate\\Routing\\Router.php(739): Illuminate\\Routing\\Router->dispatchToRoute(Object(Illuminate\\Http\\Request))
#30 C:\\Users\\Raymond gunawan\\Documents\\folder kuliah Binus\\CODING\\BNCC Pertemuan\\BNCC Project\\banana-cat\\vendor\\laravel\\framework\\src\\Illuminate\\Foundation\\Http\\Kernel.php(201): Illuminate\\Routing\\Router->dispatch(Object(Illuminate\\Http\\Request))
#31 C:\\Users\\Raymond gunawan\\Documents\\folder kuliah Binus\\CODING\\BNCC Pertemuan\\BNCC Project\\banana-cat\\vendor\\laravel\\framework\\src\\Illuminate\\Pipeline\\Pipeline.php(170): Illuminate\\Foundation\\Http\\Kernel->Illuminate\\Foundation\\Http\\{closure}(Object(Illuminate\\Http\\Request))
#32 C:\\Users\\Raymond gunawan\\Documents\\folder kuliah Binus\\CODING\\BNCC Pertemuan\\BNCC Project\\banana-cat\\vendor\\laravel\\framework\\src\\Illuminate\\Foundation\\Http\\Middleware\\TransformsRequest.php(21): Illuminate\\Pipeline\\Pipeline->Illuminate\\Pipeline\\{closure}(Object(Illuminate\\Http\\Request))
#33 C:\\Users\\Raymond gunawan\\Documents\\folder kuliah Binus\\CODING\\BNCC Pertemuan\\BNCC Project\\banana-cat\\vendor\\laravel\\framework\\src\\Illuminate\\Foundation\\Http\\Middleware\\ConvertEmptyStringsToNull.php(31): Illuminate\\Foundation\\Http\\Middleware\\TransformsRequest->handle(Object(Illuminate\\Http\\Request), Object(Closure))
#34 C:\\Users\\Raymond gunawan\\Documents\\folder kuliah Binus\\CODING\\BNCC Pertemuan\\BNCC Project\\banana-cat\\vendor\\laravel\\framework\\src\\Illuminate\\Pipeline\\Pipeline.php(209): Illuminate\\Foundation\\Http\\Middleware\\ConvertEmptyStringsToNull->handle(Object(Illuminate\\Http\\Request), Object(Closure))
#35 C:\\Users\\Raymond gunawan\\Documents\\folder kuliah Binus\\CODING\\BNCC Pertemuan\\BNCC Project\\banana-cat\\vendor\\laravel\\framework\\src\\Illuminate\\Foundation\\Http\\Middleware\\TransformsRequest.php(21): Illuminate\\Pipeline\\Pipeline->Illuminate\\Pipeline\\{closure}(Object(Illuminate\\Http\\Request))
#36 C:\\Users\\Raymond gunawan\\Documents\\folder kuliah Binus\\CODING\\BNCC Pertemuan\\BNCC Project\\banana-cat\\vendor\\laravel\\framework\\src\\Illuminate\\Foundation\\Http\\Middleware\\TrimStrings.php(51): Illuminate\\Foundation\\Http\\Middleware\\TransformsRequest->handle(Object(Illuminate\\Http\\Request), Object(Closure))
#37 C:\\Users\\Raymond gunawan\\Documents\\folder kuliah Binus\\CODING\\BNCC Pertemuan\\BNCC Project\\banana-cat\\vendor\\laravel\\framework\\src\\Illuminate\\Pipeline\\Pipeline.php(209): Illuminate\\Foundation\\Http\\Middleware\\TrimStrings->handle(Object(Illuminate\\Http\\Request), Object(Closure))
#38 C:\\Users\\Raymond gunawan\\Documents\\folder kuliah Binus\\CODING\\BNCC Pertemuan\\BNCC Project\\banana-cat\\vendor\\laravel\\framework\\src\\Illuminate\\Http\\Middleware\\ValidatePostSize.php(27): Illuminate\\Pipeline\\Pipeline->Illuminate\\Pipeline\\{closure}(Object(Illuminate\\Http\\Request))
#39 C:\\Users\\Raymond gunawan\\Documents\\folder kuliah Binus\\CODING\\BNCC Pertemuan\\BNCC Project\\banana-cat\\vendor\\laravel\\framework\\src\\Illuminate\\Pipeline\\Pipeline.php(209): Illuminate\\Http\\Middleware\\ValidatePostSize->handle(Object(Illuminate\\Http\\Request), Object(Closure))
#40 C:\\Users\\Raymond gunawan\\Documents\\folder kuliah Binus\\CODING\\BNCC Pertemuan\\BNCC Project\\banana-cat\\vendor\\laravel\\framework\\src\\Illuminate\\Foundation\\Http\\Middleware\\PreventRequestsDuringMaintenance.php(110): Illuminate\\Pipeline\\Pipeline->Illuminate\\Pipeline\\{closure}(Object(Illuminate\\Http\\Request))
#41 C:\\Users\\Raymond gunawan\\Documents\\folder kuliah Binus\\CODING\\BNCC Pertemuan\\BNCC Project\\banana-cat\\vendor\\laravel\\framework\\src\\Illuminate\\Pipeline\\Pipeline.php(209): Illuminate\\Foundation\\Http\\Middleware\\PreventRequestsDuringMaintenance->handle(Object(Illuminate\\Http\\Request), Object(Closure))
#42 C:\\Users\\Raymond gunawan\\Documents\\folder kuliah Binus\\CODING\\BNCC Pertemuan\\BNCC Project\\banana-cat\\vendor\\laravel\\framework\\src\\Illuminate\\Http\\Middleware\\HandleCors.php(49): Illuminate\\Pipeline\\Pipeline->Illuminate\\Pipeline\\{closure}(Object(Illuminate\\Http\\Request))
#43 C:\\Users\\Raymond gunawan\\Documents\\folder kuliah Binus\\CODING\\BNCC Pertemuan\\BNCC Project\\banana-cat\\vendor\\laravel\\framework\\src\\Illuminate\\Pipeline\\Pipeline.php(209): Illuminate\\Http\\Middleware\\HandleCors->handle(Object(Illuminate\\Http\\Request), Object(Closure))
#44 C:\\Users\\Raymond gunawan\\Documents\\folder kuliah Binus\\CODING\\BNCC Pertemuan\\BNCC Project\\banana-cat\\vendor\\laravel\\framework\\src\\Illuminate\\Http\\Middleware\\TrustProxies.php(58): Illuminate\\Pipeline\\Pipeline->Illuminate\\Pipeline\\{closure}(Object(Illuminate\\Http\\Request))
#45 C:\\Users\\Raymond gunawan\\Documents\\folder kuliah Binus\\CODING\\BNCC Pertemuan\\BNCC Project\\banana-cat\\vendor\\laravel\\framework\\src\\Illuminate\\Pipeline\\Pipeline.php(209): Illuminate\\Http\\Middleware\\TrustProxies->handle(Object(Illuminate\\Http\\Request), Object(Closure))
#46 C:\\Users\\Raymond gunawan\\Documents\\folder kuliah Binus\\CODING\\BNCC Pertemuan\\BNCC Project\\banana-cat\\vendor\\laravel\\framework\\src\\Illuminate\\Foundation\\Http\\Middleware\\InvokeDeferredCallbacks.php(22): Illuminate\\Pipeline\\Pipeline->Illuminate\\Pipeline\\{closure}(Object(Illuminate\\Http\\Request))
#47 C:\\Users\\Raymond gunawan\\Documents\\folder kuliah Binus\\CODING\\BNCC Pertemuan\\BNCC Project\\banana-cat\\vendor\\laravel\\framework\\src\\Illuminate\\Pipeline\\Pipeline.php(209): Illuminate\\Foundation\\Http\\Middleware\\InvokeDeferredCallbacks->handle(Object(Illuminate\\Http\\Request), Object(Closure))
#48 C:\\Users\\Raymond gunawan\\Documents\\folder kuliah Binus\\CODING\\BNCC Pertemuan\\BNCC Project\\banana-cat\\vendor\\laravel\\framework\\src\\Illuminate\\Pipeline\\Pipeline.php(127): Illuminate\\Pipeline\\Pipeline->Illuminate\\Pipeline\\{closure}(Object(Illuminate\\Http\\Request))
#49 C:\\Users\\Raymond gunawan\\Documents\\folder kuliah Binus\\CODING\\BNCC Pertemuan\\BNCC Project\\banana-cat\\vendor\\laravel\\framework\\src\\Illuminate\\Foundation\\Http\\Kernel.php(176): Illuminate\\Pipeline\\Pipeline->then(Object(Closure))
#50 C:\\Users\\Raymond gunawan\\Documents\\folder kuliah Binus\\CODING\\BNCC Pertemuan\\BNCC Project\\banana-cat\\vendor\\laravel\\framework\\src\\Illuminate\\Foundation\\Http\\Kernel.php(145): Illuminate\\Foundation\\Http\\Kernel->sendRequestThroughRouter(Object(Illuminate\\Http\\Request))
#51 C:\\Users\\Raymond gunawan\\Documents\\folder kuliah Binus\\CODING\\BNCC Pertemuan\\BNCC Project\\banana-cat\\vendor\\laravel\\framework\\src\\Illuminate\\Foundation\\Application.php(1220): Illuminate\\Foundation\\Http\\Kernel->handle(Object(Illuminate\\Http\\Request))
#52 C:\\Users\\Raymond gunawan\\Documents\\folder kuliah Binus\\CODING\\BNCC Pertemuan\\BNCC Project\\banana-cat\\public\\index.php(17): Illuminate\\Foundation\\Application->handleRequest(Object(Illuminate\\Http\\Request))
#53 C:\\Users\\Raymond gunawan\\Documents\\folder kuliah Binus\\CODING\\BNCC Pertemuan\\BNCC Project\\banana-cat\\vendor\\laravel\\framework\\src\\Illuminate\\Foundation\\resources\\server.php(23): require_once('C:\\\\Users\\\\Raymon...')
#54 {main}
"} 
[2025-02-22 16:16:12] local.ERROR: Add [name] to fillable property to allow mass assignment on [App\Models\Employee]. {"exception":"[object] (Illuminate\\Database\\Eloquent\\MassAssignmentException(code: 0): Add [name] to fillable property to allow mass assignment on [App\\Models\\Employee]. at C:\\Users\\Raymond gunawan\\Documents\\folder kuliah Binus\\CODING\\BNCC Pertemuan\\BNCC Project\\banana-cat\\vendor\\laravel\\framework\\src\\Illuminate\\Database\\Eloquent\\Model.php:544)
[stacktrace]
#0 C:\\Users\\Raymond gunawan\\Documents\\folder kuliah Binus\\CODING\\BNCC Pertemuan\\BNCC Project\\banana-cat\\vendor\\laravel\\framework\\src\\Illuminate\\Database\\Eloquent\\Model.php(633): Illuminate\\Database\\Eloquent\\Model->fill(Array)
#1 C:\\Users\\Raymond gunawan\\Documents\\folder kuliah Binus\\CODING\\BNCC Pertemuan\\BNCC Project\\banana-cat\\vendor\\laravel\\framework\\src\\Illuminate\\Database\\Eloquent\\Builder.php(1655): Illuminate\\Database\\Eloquent\\Model->newInstance(Array)
#2 C:\\Users\\Raymond gunawan\\Documents\\folder kuliah Binus\\CODING\\BNCC Pertemuan\\BNCC Project\\banana-cat\\vendor\\laravel\\framework\\src\\Illuminate\\Database\\Eloquent\\Builder.php(1127): Illuminate\\Database\\Eloquent\\Builder->newModelInstance(Array)
#3 C:\\Users\\Raymond gunawan\\Documents\\folder kuliah Binus\\CODING\\BNCC Pertemuan\\BNCC Project\\banana-cat\\vendor\\laravel\\framework\\src\\Illuminate\\Support\\Traits\\ForwardsCalls.php(23): Illuminate\\Database\\Eloquent\\Builder->create(Array)
#4 C:\\Users\\Raymond gunawan\\Documents\\folder kuliah Binus\\CODING\\BNCC Pertemuan\\BNCC Project\\banana-cat\\vendor\\laravel\\framework\\src\\Illuminate\\Database\\Eloquent\\Model.php(2372): Illuminate\\Database\\Eloquent\\Model->forwardCallTo(Object(Illuminate\\Database\\Eloquent\\Builder), 'create', Array)
#5 C:\\Users\\Raymond gunawan\\Documents\\folder kuliah Binus\\CODING\\BNCC Pertemuan\\BNCC Project\\banana-cat\\vendor\\laravel\\framework\\src\\Illuminate\\Database\\Eloquent\\Model.php(2384): Illuminate\\Database\\Eloquent\\Model->__call('create', Array)
#6 C:\\Users\\Raymond gunawan\\Documents\\folder kuliah Binus\\CODING\\BNCC Pertemuan\\BNCC Project\\banana-cat\\app\\Http\\Controllers\\EmployeeController.php(30): Illuminate\\Database\\Eloquent\\Model::__callStatic('create', Array)
#7 C:\\Users\\Raymond gunawan\\Documents\\folder kuliah Binus\\CODING\\BNCC Pertemuan\\BNCC Project\\banana-cat\\vendor\\laravel\\framework\\src\\Illuminate\\Routing\\ControllerDispatcher.php(47): App\\Http\\Controllers\\EmployeeController->store(Object(Illuminate\\Http\\Request))
#8 C:\\Users\\Raymond gunawan\\Documents\\folder kuliah Binus\\CODING\\BNCC Pertemuan\\BNCC Project\\banana-cat\\vendor\\laravel\\framework\\src\\Illuminate\\Routing\\Route.php(266): Illuminate\\Routing\\ControllerDispatcher->dispatch(Object(Illuminate\\Routing\\Route), Object(App\\Http\\Controllers\\EmployeeController), 'store')
#9 C:\\Users\\Raymond gunawan\\Documents\\folder kuliah Binus\\CODING\\BNCC Pertemuan\\BNCC Project\\banana-cat\\vendor\\laravel\\framework\\src\\Illuminate\\Routing\\Route.php(212): Illuminate\\Routing\\Route->runController()
#10 C:\\Users\\Raymond gunawan\\Documents\\folder kuliah Binus\\CODING\\BNCC Pertemuan\\BNCC Project\\banana-cat\\vendor\\laravel\\framework\\src\\Illuminate\\Routing\\Router.php(808): Illuminate\\Routing\\Route->run()
#11 C:\\Users\\Raymond gunawan\\Documents\\folder kuliah Binus\\CODING\\BNCC Pertemuan\\BNCC Project\\banana-cat\\vendor\\laravel\\framework\\src\\Illuminate\\Pipeline\\Pipeline.php(170): Illuminate\\Routing\\Router->Illuminate\\Routing\\{closure}(Object(Illuminate\\Http\\Request))
#12 C:\\Users\\Raymond gunawan\\Documents\\folder kuliah Binus\\CODING\\BNCC Pertemuan\\BNCC Project\\banana-cat\\vendor\\laravel\\framework\\src\\Illuminate\\Routing\\Middleware\\SubstituteBindings.php(51): Illuminate\\Pipeline\\Pipeline->Illuminate\\Pipeline\\{closure}(Object(Illuminate\\Http\\Request))
#13 C:\\Users\\Raymond gunawan\\Documents\\folder kuliah Binus\\CODING\\BNCC Pertemuan\\BNCC Project\\banana-cat\\vendor\\laravel\\framework\\src\\Illuminate\\Pipeline\\Pipeline.php(209): Illuminate\\Routing\\Middleware\\SubstituteBindings->handle(Object(Illuminate\\Http\\Request), Object(Closure))
#14 C:\\Users\\Raymond gunawan\\Documents\\folder kuliah Binus\\CODING\\BNCC Pertemuan\\BNCC Project\\banana-cat\\vendor\\laravel\\framework\\src\\Illuminate\\Foundation\\Http\\Middleware\\VerifyCsrfToken.php(88): Illuminate\\Pipeline\\Pipeline->Illuminate\\Pipeline\\{closure}(Object(Illuminate\\Http\\Request))
#15 C:\\Users\\Raymond gunawan\\Documents\\folder kuliah Binus\\CODING\\BNCC Pertemuan\\BNCC Project\\banana-cat\\vendor\\laravel\\framework\\src\\Illuminate\\Pipeline\\Pipeline.php(209): Illuminate\\Foundation\\Http\\Middleware\\VerifyCsrfToken->handle(Object(Illuminate\\Http\\Request), Object(Closure))
#16 C:\\Users\\Raymond gunawan\\Documents\\folder kuliah Binus\\CODING\\BNCC Pertemuan\\BNCC Project\\banana-cat\\vendor\\laravel\\framework\\src\\Illuminate\\View\\Middleware\\ShareErrorsFromSession.php(49): Illuminate\\Pipeline\\Pipeline->Illuminate\\Pipeline\\{closure}(Object(Illuminate\\Http\\Request))
#17 C:\\Users\\Raymond gunawan\\Documents\\folder kuliah Binus\\CODING\\BNCC Pertemuan\\BNCC Project\\banana-cat\\vendor\\laravel\\framework\\src\\Illuminate\\Pipeline\\Pipeline.php(209): Illuminate\\View\\Middleware\\ShareErrorsFromSession->handle(Object(Illuminate\\Http\\Request), Object(Closure))
#18 C:\\Users\\Raymond gunawan\\Documents\\folder kuliah Binus\\CODING\\BNCC Pertemuan\\BNCC Project\\banana-cat\\vendor\\laravel\\framework\\src\\Illuminate\\Session\\Middleware\\StartSession.php(121): Illuminate\\Pipeline\\Pipeline->Illuminate\\Pipeline\\{closure}(Object(Illuminate\\Http\\Request))
#19 C:\\Users\\Raymond gunawan\\Documents\\folder kuliah Binus\\CODING\\BNCC Pertemuan\\BNCC Project\\banana-cat\\vendor\\laravel\\framework\\src\\Illuminate\\Session\\Middleware\\StartSession.php(64): Illuminate\\Session\\Middleware\\StartSession->handleStatefulRequest(Object(Illuminate\\Http\\Request), Object(Illuminate\\Session\\Store), Object(Closure))
#20 C:\\Users\\Raymond gunawan\\Documents\\folder kuliah Binus\\CODING\\BNCC Pertemuan\\BNCC Project\\banana-cat\\vendor\\laravel\\framework\\src\\Illuminate\\Pipeline\\Pipeline.php(209): Illuminate\\Session\\Middleware\\StartSession->handle(Object(Illuminate\\Http\\Request), Object(Closure))
#21 C:\\Users\\Raymond gunawan\\Documents\\folder kuliah Binus\\CODING\\BNCC Pertemuan\\BNCC Project\\banana-cat\\vendor\\laravel\\framework\\src\\Illuminate\\Cookie\\Middleware\\AddQueuedCookiesToResponse.php(37): Illuminate\\Pipeline\\Pipeline->Illuminate\\Pipeline\\{closure}(Object(Illuminate\\Http\\Request))
#22 C:\\Users\\Raymond gunawan\\Documents\\folder kuliah Binus\\CODING\\BNCC Pertemuan\\BNCC Project\\banana-cat\\vendor\\laravel\\framework\\src\\Illuminate\\Pipeline\\Pipeline.php(209): Illuminate\\Cookie\\Middleware\\AddQueuedCookiesToResponse->handle(Object(Illuminate\\Http\\Request), Object(Closure))
#23 C:\\Users\\Raymond gunawan\\Documents\\folder kuliah Binus\\CODING\\BNCC Pertemuan\\BNCC Project\\banana-cat\\vendor\\laravel\\framework\\src\\Illuminate\\Cookie\\Middleware\\EncryptCookies.php(75): Illuminate\\Pipeline\\Pipeline->Illuminate\\Pipeline\\{closure}(Object(Illuminate\\Http\\Request))
#24 C:\\Users\\Raymond gunawan\\Documents\\folder kuliah Binus\\CODING\\BNCC Pertemuan\\BNCC Project\\banana-cat\\vendor\\laravel\\framework\\src\\Illuminate\\Pipeline\\Pipeline.php(209): Illuminate\\Cookie\\Middleware\\EncryptCookies->handle(Object(Illuminate\\Http\\Request), Object(Closure))
#25 C:\\Users\\Raymond gunawan\\Documents\\folder kuliah Binus\\CODING\\BNCC Pertemuan\\BNCC Project\\banana-cat\\vendor\\laravel\\framework\\src\\Illuminate\\Pipeline\\Pipeline.php(127): Illuminate\\Pipeline\\Pipeline->Illuminate\\Pipeline\\{closure}(Object(Illuminate\\Http\\Request))
#26 C:\\Users\\Raymond gunawan\\Documents\\folder kuliah Binus\\CODING\\BNCC Pertemuan\\BNCC Project\\banana-cat\\vendor\\laravel\\framework\\src\\Illuminate\\Routing\\Router.php(807): Illuminate\\Pipeline\\Pipeline->then(Object(Closure))
#27 C:\\Users\\Raymond gunawan\\Documents\\folder kuliah Binus\\CODING\\BNCC Pertemuan\\BNCC Project\\banana-cat\\vendor\\laravel\\framework\\src\\Illuminate\\Routing\\Router.php(786): Illuminate\\Routing\\Router->runRouteWithinStack(Object(Illuminate\\Routing\\Route), Object(Illuminate\\Http\\Request))
#28 C:\\Users\\Raymond gunawan\\Documents\\folder kuliah Binus\\CODING\\BNCC Pertemuan\\BNCC Project\\banana-cat\\vendor\\laravel\\framework\\src\\Illuminate\\Routing\\Router.php(750): Illuminate\\Routing\\Router->runRoute(Object(Illuminate\\Http\\Request), Object(Illuminate\\Routing\\Route))
#29 C:\\Users\\Raymond gunawan\\Documents\\folder kuliah Binus\\CODING\\BNCC Pertemuan\\BNCC Project\\banana-cat\\vendor\\laravel\\framework\\src\\Illuminate\\Routing\\Router.php(739): Illuminate\\Routing\\Router->dispatchToRoute(Object(Illuminate\\Http\\Request))
#30 C:\\Users\\Raymond gunawan\\Documents\\folder kuliah Binus\\CODING\\BNCC Pertemuan\\BNCC Project\\banana-cat\\vendor\\laravel\\framework\\src\\Illuminate\\Foundation\\Http\\Kernel.php(201): Illuminate\\Routing\\Router->dispatch(Object(Illuminate\\Http\\Request))
#31 C:\\Users\\Raymond gunawan\\Documents\\folder kuliah Binus\\CODING\\BNCC Pertemuan\\BNCC Project\\banana-cat\\vendor\\laravel\\framework\\src\\Illuminate\\Pipeline\\Pipeline.php(170): Illuminate\\Foundation\\Http\\Kernel->Illuminate\\Foundation\\Http\\{closure}(Object(Illuminate\\Http\\Request))
#32 C:\\Users\\Raymond gunawan\\Documents\\folder kuliah Binus\\CODING\\BNCC Pertemuan\\BNCC Project\\banana-cat\\vendor\\laravel\\framework\\src\\Illuminate\\Foundation\\Http\\Middleware\\TransformsRequest.php(21): Illuminate\\Pipeline\\Pipeline->Illuminate\\Pipeline\\{closure}(Object(Illuminate\\Http\\Request))
#33 C:\\Users\\Raymond gunawan\\Documents\\folder kuliah Binus\\CODING\\BNCC Pertemuan\\BNCC Project\\banana-cat\\vendor\\laravel\\framework\\src\\Illuminate\\Foundation\\Http\\Middleware\\ConvertEmptyStringsToNull.php(31): Illuminate\\Foundation\\Http\\Middleware\\TransformsRequest->handle(Object(Illuminate\\Http\\Request), Object(Closure))
#34 C:\\Users\\Raymond gunawan\\Documents\\folder kuliah Binus\\CODING\\BNCC Pertemuan\\BNCC Project\\banana-cat\\vendor\\laravel\\framework\\src\\Illuminate\\Pipeline\\Pipeline.php(209): Illuminate\\Foundation\\Http\\Middleware\\ConvertEmptyStringsToNull->handle(Object(Illuminate\\Http\\Request), Object(Closure))
#35 C:\\Users\\Raymond gunawan\\Documents\\folder kuliah Binus\\CODING\\BNCC Pertemuan\\BNCC Project\\banana-cat\\vendor\\laravel\\framework\\src\\Illuminate\\Foundation\\Http\\Middleware\\TransformsRequest.php(21): Illuminate\\Pipeline\\Pipeline->Illuminate\\Pipeline\\{closure}(Object(Illuminate\\Http\\Request))
#36 C:\\Users\\Raymond gunawan\\Documents\\folder kuliah Binus\\CODING\\BNCC Pertemuan\\BNCC Project\\banana-cat\\vendor\\laravel\\framework\\src\\Illuminate\\Foundation\\Http\\Middleware\\TrimStrings.php(51): Illuminate\\Foundation\\Http\\Middleware\\TransformsRequest->handle(Object(Illuminate\\Http\\Request), Object(Closure))
#37 C:\\Users\\Raymond gunawan\\Documents\\folder kuliah Binus\\CODING\\BNCC Pertemuan\\BNCC Project\\banana-cat\\vendor\\laravel\\framework\\src\\Illuminate\\Pipeline\\Pipeline.php(209): Illuminate\\Foundation\\Http\\Middleware\\TrimStrings->handle(Object(Illuminate\\Http\\Request), Object(Closure))
#38 C:\\Users\\Raymond gunawan\\Documents\\folder kuliah Binus\\CODING\\BNCC Pertemuan\\BNCC Project\\banana-cat\\vendor\\laravel\\framework\\src\\Illuminate\\Http\\Middleware\\ValidatePostSize.php(27): Illuminate\\Pipeline\\Pipeline->Illuminate\\Pipeline\\{closure}(Object(Illuminate\\Http\\Request))
#39 C:\\Users\\Raymond gunawan\\Documents\\folder kuliah Binus\\CODING\\BNCC Pertemuan\\BNCC Project\\banana-cat\\vendor\\laravel\\framework\\src\\Illuminate\\Pipeline\\Pipeline.php(209): Illuminate\\Http\\Middleware\\ValidatePostSize->handle(Object(Illuminate\\Http\\Request), Object(Closure))
#40 C:\\Users\\Raymond gunawan\\Documents\\folder kuliah Binus\\CODING\\BNCC Pertemuan\\BNCC Project\\banana-cat\\vendor\\laravel\\framework\\src\\Illuminate\\Foundation\\Http\\Middleware\\PreventRequestsDuringMaintenance.php(110): Illuminate\\Pipeline\\Pipeline->Illuminate\\Pipeline\\{closure}(Object(Illuminate\\Http\\Request))
#41 C:\\Users\\Raymond gunawan\\Documents\\folder kuliah Binus\\CODING\\BNCC Pertemuan\\BNCC Project\\banana-cat\\vendor\\laravel\\framework\\src\\Illuminate\\Pipeline\\Pipeline.php(209): Illuminate\\Foundation\\Http\\Middleware\\PreventRequestsDuringMaintenance->handle(Object(Illuminate\\Http\\Request), Object(Closure))
#42 C:\\Users\\Raymond gunawan\\Documents\\folder kuliah Binus\\CODING\\BNCC Pertemuan\\BNCC Project\\banana-cat\\vendor\\laravel\\framework\\src\\Illuminate\\Http\\Middleware\\HandleCors.php(49): Illuminate\\Pipeline\\Pipeline->Illuminate\\Pipeline\\{closure}(Object(Illuminate\\Http\\Request))
#43 C:\\Users\\Raymond gunawan\\Documents\\folder kuliah Binus\\CODING\\BNCC Pertemuan\\BNCC Project\\banana-cat\\vendor\\laravel\\framework\\src\\Illuminate\\Pipeline\\Pipeline.php(209): Illuminate\\Http\\Middleware\\HandleCors->handle(Object(Illuminate\\Http\\Request), Object(Closure))
#44 C:\\Users\\Raymond gunawan\\Documents\\folder kuliah Binus\\CODING\\BNCC Pertemuan\\BNCC Project\\banana-cat\\vendor\\laravel\\framework\\src\\Illuminate\\Http\\Middleware\\TrustProxies.php(58): Illuminate\\Pipeline\\Pipeline->Illuminate\\Pipeline\\{closure}(Object(Illuminate\\Http\\Request))
#45 C:\\Users\\Raymond gunawan\\Documents\\folder kuliah Binus\\CODING\\BNCC Pertemuan\\BNCC Project\\banana-cat\\vendor\\laravel\\framework\\src\\Illuminate\\Pipeline\\Pipeline.php(209): Illuminate\\Http\\Middleware\\TrustProxies->handle(Object(Illuminate\\Http\\Request), Object(Closure))
#46 C:\\Users\\Raymond gunawan\\Documents\\folder kuliah Binus\\CODING\\BNCC Pertemuan\\BNCC Project\\banana-cat\\vendor\\laravel\\framework\\src\\Illuminate\\Foundation\\Http\\Middleware\\InvokeDeferredCallbacks.php(22): Illuminate\\Pipeline\\Pipeline->Illuminate\\Pipeline\\{closure}(Object(Illuminate\\Http\\Request))
#47 C:\\Users\\Raymond gunawan\\Documents\\folder kuliah Binus\\CODING\\BNCC Pertemuan\\BNCC Project\\banana-cat\\vendor\\laravel\\framework\\src\\Illuminate\\Pipeline\\Pipeline.php(209): Illuminate\\Foundation\\Http\\Middleware\\InvokeDeferredCallbacks->handle(Object(Illuminate\\Http\\Request), Object(Closure))
#48 C:\\Users\\Raymond gunawan\\Documents\\folder kuliah Binus\\CODING\\BNCC Pertemuan\\BNCC Project\\banana-cat\\vendor\\laravel\\framework\\src\\Illuminate\\Pipeline\\Pipeline.php(127): Illuminate\\Pipeline\\Pipeline->Illuminate\\Pipeline\\{closure}(Object(Illuminate\\Http\\Request))
#49 C:\\Users\\Raymond gunawan\\Documents\\folder kuliah Binus\\CODING\\BNCC Pertemuan\\BNCC Project\\banana-cat\\vendor\\laravel\\framework\\src\\Illuminate\\Foundation\\Http\\Kernel.php(176): Illuminate\\Pipeline\\Pipeline->then(Object(Closure))
#50 C:\\Users\\Raymond gunawan\\Documents\\folder kuliah Binus\\CODING\\BNCC Pertemuan\\BNCC Project\\banana-cat\\vendor\\laravel\\framework\\src\\Illuminate\\Foundation\\Http\\Kernel.php(145): Illuminate\\Foundation\\Http\\Kernel->sendRequestThroughRouter(Object(Illuminate\\Http\\Request))
#51 C:\\Users\\Raymond gunawan\\Documents\\folder kuliah Binus\\CODING\\BNCC Pertemuan\\BNCC Project\\banana-cat\\vendor\\laravel\\framework\\src\\Illuminate\\Foundation\\Application.php(1220): Illuminate\\Foundation\\Http\\Kernel->handle(Object(Illuminate\\Http\\Request))
#52 C:\\Users\\Raymond gunawan\\Documents\\folder kuliah Binus\\CODING\\BNCC Pertemuan\\BNCC Project\\banana-cat\\public\\index.php(17): Illuminate\\Foundation\\Application->handleRequest(Object(Illuminate\\Http\\Request))
#53 C:\\Users\\Raymond gunawan\\Documents\\folder kuliah Binus\\CODING\\BNCC Pertemuan\\BNCC Project\\banana-cat\\vendor\\laravel\\framework\\src\\Illuminate\\Foundation\\resources\\server.php(23): require_once('C:\\\\Users\\\\Raymon...')
#54 {main}
"} 
